  Determining projects to restore...
  All projects are up-to-date for restore.
  Determining projects to restore...
  All projects are up-to-date for restore.
  WorkerExtensions -> /workspaces/serverless_stripe/azure-function/obj/Debug/net8.0/WorkerExtensions/bin/Release/net8.0/Microsoft.Azure.Functions.Worker.Extensions.dll
  StripeCheckoutFunction -> /workspaces/serverless_stripe/azure-function/bin/output/StripeCheckoutFunction.dll

Build succeeded.
    0 Warning(s)
    0 Error(s)

Time Elapsed 00:00:04.02



Azure Functions Core Tools
Core Tools Version:       4.2.2+78afd8b84c8e31f0ddac570ba9e8128eefbd3d4a (64-bit)
Function Runtime Version: 4.1041.200.25360

[2025-09-17T07:01:28.096Z] Found /workspaces/serverless_stripe/azure-function/StripeCheckoutFunction.csproj. Using for user secrets file configuration.
[2025-09-17T07:01:31.745Z] Worker process started and initialized.

Functions:

	CreateCheckoutSession: [POST] http://localhost:7071/api/CreateCheckoutSession

For detailed output, run func with --verbose flag.
[2025-09-17T07:01:56.911Z] Executing 'Functions.CreateCheckoutSession' (Reason='This function was programmatically called via the host APIs.', Id=1652c7a6-6dc1-4cc5-aacc-01e5dc53b02b)
[2025-09-17T07:01:59.281Z] Executed 'Functions.CreateCheckoutSession' (Succeeded, Id=1652c7a6-6dc1-4cc5-aacc-01e5dc53b02b, Duration=2440ms)
